<?xml version="1.0" encoding="UTF-8"?>
<!-- Generated by org.testng.reporters.JUnitReportReporter -->
<testsuite hostname="DESKTOP-QMSQO3B" failures="0" tests="5" name="com.telus.testcase.RegisterUserDemo" time="23.821" errors="0" timestamp="2022-08-26T10:22:56 IST" skipped="0">
  <testcase classname="com.telus.testcase.RegisterUserDemo" name="launchApplication" time="9.980"/>
  <system-out/>
  <testcase classname="com.telus.testcase.RegisterUserDemo" name="navigateToRegistrationForm" time="4.017"/>
  <system-out/>
  <testcase classname="com.telus.testcase.RegisterUserDemo" name="registerUser" time="8.923"/>
  <system-out/>
  <testcase classname="com.telus.testcase.RegisterUserDemo" name="validateSuccessfullMsg" time="0.515"/>
  <system-out/>
  <testcase classname="com.telus.testcase.RegisterUserDemo" name="closeApplication" time="0.386"/>
  <system-out/>
</testsuite> <!-- com.telus.testcase.RegisterUserDemo -->
